<?xml version="1.0" encoding="UTF-8"?>
<testng-results ignored="0" total="1" passed="1" failed="0" skipped="0">
  <reporter-output>
  </reporter-output>
  <suite started-at="2026-04-17T00:25:40 PET" name="Suite de Pruebas - Adidas PE" finished-at="2026-04-17T00:26:29 PET" duration-ms="48325">
    <groups>
    </groups>
    <test started-at="2026-04-17T00:25:40 PET" name="Flujo de Compra" finished-at="2026-04-17T00:26:29 PET" duration-ms="48325">
      <class name="com.adidas.tests.AdidasCompraTest">
        <test-method is-config="true" signature="configurarNavegador()[pri:0, instance:com.adidas.tests.AdidasCompraTest@245b4bdc]" started-at="2026-04-17T00:25:39 PET" name="configurarNavegador" finished-at="2026-04-17T00:25:40 PET" duration-ms="1565" status="PASS">
          <reporter-output>
          </reporter-output>
        </test-method> <!-- configurarNavegador -->
        <test-method signature="flujoCompletoCompraAdidas()[pri:0, instance:com.adidas.tests.AdidasCompraTest@245b4bdc]" started-at="2026-04-17T00:25:40 PET" name="flujoCompletoCompraAdidas" finished-at="2026-04-17T00:26:29 PET" duration-ms="48306" status="PASS">
          <reporter-output>
          </reporter-output>
        </test-method> <!-- flujoCompletoCompraAdidas -->
        <test-method is-config="true" signature="cerrarNavegador()[pri:0, instance:com.adidas.tests.AdidasCompraTest@245b4bdc]" started-at="2026-04-17T00:26:29 PET" name="cerrarNavegador" finished-at="2026-04-17T00:26:29 PET" duration-ms="164" status="PASS">
          <reporter-output>
          </reporter-output>
        </test-method> <!-- cerrarNavegador -->
      </class> <!-- com.adidas.tests.AdidasCompraTest -->
    </test> <!-- Flujo de Compra -->
  </suite> <!-- Suite de Pruebas - Adidas PE -->
</testng-results>
